<?xml version="1.0" encoding="UTF-8"?>
<!-- Generated by org.testng.reporters.JUnitReportReporter -->
<testsuite hostname="LAPTOP-J22I0IND" failures="0" tests="1" name="inetbanking_application_v1_testcases.TestCase_001" time="14.235" errors="0" timestamp="2021-08-17T13:04:03 IST" skipped="0">
  <testcase classname="inetbanking_application_v1_testcases.TestCase_001" name="LoginTest" time="14.235"/>
  <system-out/>
</testsuite> <!-- inetbanking_application_v1_testcases.TestCase_001 -->
